<?xml version="1.0" encoding="UTF-8"?>
<testsuite xmlns:xsi="http://www.w3.org/2001/XMLSchema-instance" xsi:noNamespaceSchemaLocation="https://maven.apache.org/surefire/maven-surefire-plugin/xsd/surefire-test-report-3.0.xsd" version="3.0" name="tests.WikipediaSearchSuggestTest" time="3.972" tests="1" errors="0" skipped="0" failures="0">
  <properties>
[...]
</properties>
  <testcase name="suggestionsShouldStartWithQueryAndHighlightIt" classname="tests.WikipediaSearchSuggestTest" time="3.874">
    <system-out><![CDATA[HTML suggestions:
<div class="suggestions-result" rel="0"><span class="highlight">Иван</span></div>
<div class="suggestions-result" rel="1"><span class="highlight">Иван</span> Грозный</div>
<div class="suggestions-result" rel="2"><span class="highlight">Иван</span> Купала</div>
<div class="suggestions-result" rel="3"><span class="highlight">Иван</span> III Васильевич</div>
<div class="suggestions-result" rel="4"><span class="highlight">Иван</span>ово</div>
<div class="suggestions-result" rel="5"><span class="highlight">Иван</span> I Данилович Калита</div>
<div class="suggestions-result" rel="6"><span class="highlight">Иван</span>овы-Ивановы</div>
<div class="suggestions-result" rel="7"><span class="highlight">Иван</span>ушки International</div>
<div class="suggestions-result" rel="8"><span class="highlight">Иван</span>о-Франковск</div>
<div class="suggestions-result" rel="9"><span class="highlight">Иван</span>ов, Алексей Викторович</div>
]]></system-out>
    <system-err><![CDATA[SLF4J(W): No SLF4J providers were found.
SLF4J(W): Defaulting to no-operation (NOP) logger implementation
SLF4J(W): See https://www.slf4j.org/codes.html#noProviders for further details.
июн. 25, 2025 2:29:45 PM org.openqa.selenium.devtools.CdpVersionFinder findNearestMatch
WARNING: Unable to find CDP implementation matching 137
июн. 25, 2025 2:29:45 PM org.openqa.selenium.chromium.ChromiumDriver lambda$new$5
WARNING: Unable to find version of CDP to use for 137.0.7151.119. You may need to include a dependency on a specific version of the CDP using something similar to `org.seleniumhq.selenium:selenium-devtools-v86:4.17.0` where the version ("v86") matches the version of the chromium-based browser you're using and the version number of the artifact is the same as Selenium's.
]]></system-err>
  </testcase>
</testsuite>