-------------------------------------------------------------------------------
Test set: tests.WikipediaSearchNavigationTest
-------------------------------------------------------------------------------
Tests run: 5, Failures: 1, Errors: 0, Skipped: 0, Time elapsed: 15.45 s <<< FAILURE! -- in tests.WikipediaSearchNavigationTest
tests.WikipediaSearchNavigationTest.clickingSearchContainingLinkIsNotAutomatable -- Time elapsed: 2.092 s <<< FAILURE!
org.opentest4j.AssertionFailedError: We cannot automate the test: the 'Search pages containing...' element appears only when entered manually.
	at org.junit.jupiter.api.AssertionUtils.fail(AssertionUtils.java:38)
	at org.junit.jupiter.api.Assertions.fail(Assertions.java:134)
	at tests.WikipediaSearchNavigationTest.clickingSearchContainingLinkIsNotAutomatable(WikipediaSearchNavigationTest.java:148)
	at java.base/java.lang.reflect.Method.invoke(Method.java:565)
	at java.base/java.util.ArrayList.forEach(ArrayList.java:1604)
	at java.base/java.util.ArrayList.forEach(ArrayList.java:1604)

